<?xml version="1.0" encoding="UTF-8"?>
<!-- Generated by org.testng.reporters.JUnitReportReporter -->
<testsuite hostname="HP" failures="0" tests="1" name="com.sydneytrains.testcases.SoapApiTest" time="8.934" errors="0" timestamp="2023-01-12T22:42:14 AEDT" skipped="0">
  <testcase classname="com.sydneytrains.testcases.SoapApiTest" name="SoapXMPRequest" time="8.934"/>
  <system-out/>
</testsuite> <!-- com.sydneytrains.testcases.SoapApiTest -->
