<?xml version="1.0" encoding="UTF-8"?>
<!-- Generated by org.testng.reporters.JUnitReportReporter -->
<testsuite hostname="HP" failures="0" tests="1" name="com.sydneytrains.testcases.RestAssured_GetPost" time="9.226" errors="0" timestamp="2023-01-17T21:56:49 AEDT" skipped="0">
  <testcase classname="com.sydneytrains.testcases.RestAssured_GetPost" name="testGet" time="9.226"/>
  <system-out/>
</testsuite> <!-- com.sydneytrains.testcases.RestAssured_GetPost -->
