<?xml version="1.0" encoding="UTF-8"?>
<!-- Generated by org.testng.reporters.JUnitReportReporter -->
<testsuite hostname="HP" failures="0" tests="1" name="com.sydneytrains.testcases.RestAssured_PutPatchDelete" time="9.318" errors="0" timestamp="2023-01-11T20:31:28 AEDT" skipped="0">
  <testcase classname="com.sydneytrains.testcases.RestAssured_PutPatchDelete" name="testDelete" time="9.318"/>
  <system-out/>
</testsuite> <!-- com.sydneytrains.testcases.RestAssured_PutPatchDelete -->
