<?xml version="1.0" encoding="UTF-8"?>
<!-- Generated by org.testng.reporters.JUnitReportReporter -->
<testsuite hostname="HP" failures="0" tests="1" name="com.sydneytrains.testcases.JSONSchemaValidation" time="11.403" errors="0" timestamp="2023-01-13T00:20:46 AEDT" skipped="0">
  <testcase classname="com.sydneytrains.testcases.JSONSchemaValidation" name="testJSONSchema" time="11.403"/>
  <system-out/>
</testsuite> <!-- com.sydneytrains.testcases.JSONSchemaValidation -->
