<?xml version="1.0" encoding="UTF-8"?>
<!-- Generated by org.testng.reporters.JUnitReportReporter -->
<testsuite hostname="HP" failures="0" tests="1" name="com.sydneytrains.testcases.LocalRestApi" time="6.985" errors="0" timestamp="2023-01-12T16:41:30 AEDT" skipped="0">
  <testcase classname="com.sydneytrains.testcases.LocalRestApi" name="getUsers" time="6.985"/>
  <system-out/>
</testsuite> <!-- com.sydneytrains.testcases.LocalRestApi -->
