<?xml version="1.0" encoding="UTF-8"?>
<!-- Generated by org.testng.reporters.JUnitReportReporter -->
<testsuite hostname="HP" failures="0" tests="1" name="com.sydneytrains.testcases.RestAssured_Test_01" time="14.286" errors="0" timestamp="2023-01-11T14:19:46 AEDT" skipped="0">
  <testcase classname="com.sydneytrains.testcases.RestAssured_Test_01" name="getMethod2" time="14.286"/>
  <system-out/>
</testsuite> <!-- com.sydneytrains.testcases.RestAssured_Test_01 -->
